app/build/outputs/mapping/release/seeds.txt
com.mycompany.myngdroidapp.GameActivity
com.mycompany.myngdroidapp.GameActivity: GameActivity()
com.mycompany.myngdroidapp.R$anim: int abc_fade_in
com.mycompany.myngdroidapp.R$anim: int abc_fade_out
com.mycompany.myngdroidapp.R$anim: int abc_grow_fade_in_from_bottom
com.mycompany.myngdroidapp.R$anim: int abc_popup_enter
com.mycompany.myngdroidapp.R$anim: int abc_popup_exit
com.mycompany.myngdroidapp.R$anim: int abc_shrink_fade_out_from_bottom
com.mycompany.myngdroidapp.R$anim: int abc_slide_in_bottom
com.mycompany.myngdroidapp.R$anim: int abc_slide_in_top
com.mycompany.myngdroidapp.R$anim: int abc_slide_out_bottom
com.mycompany.myngdroidapp.R$anim: int abc_slide_out_top
com.mycompany.myngdroidapp.R$anim: int abc_tooltip_enter
com.mycompany.myngdroidapp.R$anim: int abc_tooltip_exit
com.mycompany.myngdroidapp.R$anim: int anim_in
com.mycompany.myngdroidapp.R$anim: int anim_out
com.mycompany.myngdroidapp.R$anim: int fade
com.mycompany.myngdroidapp.R$attr: int actionBarDivider
com.mycompany.myngdroidapp.R$attr: int actionBarItemBackground
com.mycompany.myngdroidapp.R$attr: int actionBarPopupTheme
com.mycompany.myngdroidapp.R$attr: int actionBarSize
com.mycompany.myngdroidapp.R$attr: int actionBarSplitStyle
com.mycompany.myngdroidapp.R$attr: int actionBarStyle
com.mycompany.myngdroidapp.R$attr: int actionBarTabBarStyle
com.mycompany.myngdroidapp.R$attr: int actionBarTabStyle
com.mycompany.myngdroidapp.R$attr: int actionBarTabTextStyle
com.mycompany.myngdroidapp.R$attr: int actionBarTheme
com.mycompany.myngdroidapp.R$attr: int actionBarWidgetTheme
com.mycompany.myngdroidapp.R$attr: int actionButtonStyle
com.mycompany.myngdroidapp.R$attr: int actionDropDownStyle
com.mycompany.myngdroidapp.R$attr: int actionLayout
com.mycompany.myngdroidapp.R$attr: int actionMenuTextAppearance
com.mycompany.myngdroidapp.R$attr: int actionMenuTextColor
com.mycompany.myngdroidapp.R$attr: int actionModeBackground
com.mycompany.myngdroidapp.R$attr: int actionModeCloseButtonStyle
com.mycompany.myngdroidapp.R$attr: int actionModeCloseDrawable
com.mycompany.myngdroidapp.R$attr: int actionModeCopyDrawable
com.mycompany.myngdroidapp.R$attr: int actionModeCutDrawable
com.mycompany.myngdroidapp.R$attr: int actionModeFindDrawable
com.mycompany.myngdroidapp.R$attr: int actionModePasteDrawable
com.mycompany.myngdroidapp.R$attr: int actionModePopupWindowStyle
com.mycompany.myngdroidapp.R$attr: int actionModeSelectAllDrawable
com.mycompany.myngdroidapp.R$bool: int abc_action_bar_embed_tabs
com.mycompany.myngdroidapp.R$bool: int abc_allow_stacked_button_bar
com.mycompany.myngdroidapp.R$bool: int abc_config_actionMenuItemAllCaps
com.mycompany.myngdroidapp.R$bool: int abc_config_showMenuShortcutsWhenKeyboardPresent
...
android.support.graphics.drawable.R$integer: int status_bar_notification_info_maxnum
android.support.graphics.drawable.R$layout: int notification_action
android.support.graphics.drawable.R$layout: int notification_action_tombstone
android.support.graphics.drawable.R$layout: int notification_template_custom_big
android.support.graphics.drawable.R$layout: int notification_template_icon_group
android.support.graphics.drawable.R$layout: int notification_template_part_chronometer
android.support.graphics.drawable.R$layout: int notification_template_part_time
android.support.graphics.drawable.R$string: int status_bar_notification_info_overflow
android.support.graphics.drawable.R$style: int TextAppearance_Compat_Notification
android.support.graphics.drawable.R$style: int TextAppearance_Compat_Notification_Info
android.support.graphics.drawable.R$style: int TextAppearance_Compat_Notification_Line2
android.support.graphics.drawable.R$style: int TextAppearance_Compat_Notification_Time
android.support.graphics.drawable.R$style: int TextAppearance_Compat_Notification_Title
android.support.graphics.drawable.R$style: int Widget_Compat_NotificationActionContainer
android.support.graphics.drawable.R$style: int Widget_Compat_NotificationActionText
android.support.graphics.drawable.R$styleable: int[] FontFamily
android.support.graphics.drawable.R$styleable: int[] FontFamilyFont
android.support.graphics.drawable.R$styleable: int FontFamilyFont_android_font
android.support.graphics.drawable.R$styleable: int FontFamilyFont_android_fontStyle
android.support.graphics.drawable.R$styleable: int FontFamilyFont_android_fontWeight
android.support.graphics.drawable.R$styleable: int FontFamilyFont_font
android.support.graphics.drawable.R$styleable: int FontFamilyFont_fontStyle
android.support.graphics.drawable.R$styleable: int FontFamilyFont_fontWeight
android.support.graphics.drawable.R$styleable: int FontFamily_fontProviderAuthority
android.support.graphics.drawable.R$styleable: int FontFamily_fontProviderCerts
android.support.graphics.drawable.R$styleable: int FontFamily_fontProviderFetchStrategy
android.support.graphics.drawable.R$styleable: int FontFamily_fontProviderFetchTimeout
android.support.graphics.drawable.R$styleable: int FontFamily_fontProviderPackage
android.support.graphics.drawable.R$styleable: int FontFamily_fontProviderQuery
android.support.graphics.drawable.VectorDrawableCompat$VFullPath: int getStrokeColor()
android.support.graphics.drawable.VectorDrawableCompat$VFullPath: void setStrokeColor(int)
android.support.graphics.drawable.VectorDrawableCompat$VFullPath: float getStrokeWidth()
android.support.graphics.drawable.VectorDrawableCompat$VFullPath: void setStrokeWidth(float)
android.support.graphics.drawable.VectorDrawableCompat$VFullPath: float getStrokeAlpha()
android.support.graphics.drawable.VectorDrawableCompat$VFullPath: void setStrokeAlpha(float)
android.support.graphics.drawable.VectorDrawableCompat$VFullPath: int getFillColor()
android.support.graphics.drawable.VectorDrawableCompat$VFullPath: void setFillColor(int)
android.support.graphics.drawable.VectorDrawableCompat$VFullPath: float getFillAlpha()
android.support.graphics.drawable.VectorDrawableCompat$VFullPath: void setFillAlpha(float)
android.support.graphics.drawable.VectorDrawableCompat$VFullPath: float getTrimPathStart()
android.support.graphics.drawable.VectorDrawableCompat$VFullPath: void setTrimPathStart(float)
android.support.graphics.drawable.VectorDrawableCompat$VFullPath: float getTrimPathEnd()
android.support.graphics.drawable.VectorDrawableCompat$VFullPath: void setTrimPathEnd(float)
android.support.graphics.drawable.VectorDrawableCompat$VFullPath: float getTrimPathOffset()
android.support.graphics.drawable.VectorDrawableCompat$VFullPath: void setTrimPathOffset(float)