app/build/outputs/mapping/release/mapping.txt
com.mycompany.myngdroidapp.GameActivity -> com.mycompany.myngdroidapp.GameActivity:
    java.lang.String TAG -> b
    void <init>() -> <init>
    void onCreate(android.os.Bundle) -> onCreate
    void onActivityResult(int,int,android.content.Intent) -> onActivityResult
    void <clinit>() -> <clinit>
com.mycompany.myngdroidapp.Splash -> com.mycompany.myngdroidapp.Splash:
    void <init>() -> <init>
    void onCreate(android.os.Bundle) -> onCreate
com.mycompany.myngdroidapp.Splash$1 -> com.mycompany.myngdroidapp.Splash$1:
    com.mycompany.myngdroidapp.Splash this$0 -> a
    void <init>(com.mycompany.myngdroidapp.Splash) -> <init>
    void run() -> run
...
android.support.v7.widget.ActivityChooserModel$ActivitySorter -> android.support.v7.widget.e$b:
    void sort(android.content.Intent,java.util.List,java.util.List) -> a
android.support.v7.widget.ActivityChooserModel$HistoricalRecord -> android.support.v7.widget.e$c:
    android.content.ComponentName activity -> a
    long time -> b
    float weight -> c
    void <init>(java.lang.String,long,float) -> <init>
    void <init>(android.content.ComponentName,long,float) -> <init>
    int hashCode() -> hashCode
    boolean equals(java.lang.Object) -> equals
    java.lang.String toString() -> toString
android.support.v7.widget.ActivityChooserModel$OnChooseActivityListener -> android.support.v7.widget.e$d:
    boolean onChooseActivity(android.support.v7.widget.ActivityChooserModel,android.content.Intent) -> a
android.support.v7.widget.ActivityChooserModel$PersistHistoryAsyncTask -> android.support.v7.widget.e$e:
    android.support.v7.widget.ActivityChooserModel this$0 -> a
    void <init>(android.support.v7.widget.ActivityChooserModel) -> <init>
    java.lang.Void doInBackground(java.lang.Object[]) -> a
    java.lang.Object doInBackground(java.lang.Object[]) -> doInBackground
android.support.v7.widget.ActivityChooserView -> android.support.v7.widget.ActivityChooserView:
    android.support.v7.widget.ActivityChooserView$ActivityChooserViewAdapter mAdapter -> a
    android.support.v7.widget.ActivityChooserView$Callbacks mCallbacks -> i
    android.view.View mActivityChooserContent -> j
    android.widget.FrameLayout mExpandActivityOverflowButton -> b
    android.widget.ImageView mExpandActivityOverflowButtonImage -> k
    android.widget.FrameLayout mDefaultActivityButton -> c
    int mListPopupMaxWidth -> l
    android.support.v4.view.ActionProvider mProvider -> d
    android.database.DataSetObserver mModelDataSetObserver -> e
    android.view.ViewTreeObserver$OnGlobalLayoutListener mOnGlobalLayoutListener -> m
    android.support.v7.widget.ListPopupWindow mListPopupWindow -> n
    android.widget.PopupWindow$OnDismissListener mOnDismissListener -> f
    boolean mIsSelectingDefaultActivity -> g
    int mInitialActivityCount -> h
    boolean mIsAttachedToWindow -> o
    int mDefaultActionButtonContentDescription -> p
    void setActivityChooserModel(android.support.v7.widget.ActivityChooserModel) -> setActivityChooserModel
    void setExpandActivityOverflowButtonDrawable(android.graphics.drawable.Drawable) -> setExpandActivityOverflowButtonDrawable
    void setExpandActivityOverflowButtonContentDescription(int) -> setExpandActivityOverflowButtonContentDescription
    void setProvider(android.support.v4.view.ActionProvider) -> setProvider
android.support.v7.widget.ActivityChooserView$ActivityChooserViewAdapter -> android.support.v7.widget.ActivityChooserView$a:
    android.support.v7.widget.ActivityChooserModel mDataModel -> b
    int mMaxActivityCount -> c
    boolean mShowDefaultActivity -> d
    boolean mHighlightDefaultActivity -> e
    boolean mShowFooterView -> f
    android.support.v7.widget.ActivityChooserView this$0 -> a
    void setDataModel(android.support.v7.widget.ActivityChooserModel) -> a
    int getItemViewType(int) -> getItemViewType
    int getViewTypeCount() -> getViewTypeCount
    int getCount() -> getCount
    java.lang.Object getItem(int) -> getItem
    long getItemId(int) -> getItemId
    android.view.View getView(int,android.view.View,android.view.ViewGroup) -> getView
    int measureContentWidth() -> a
    void setMaxActivityCount(int) -> a
    android.content.pm.ResolveInfo getDefaultActivity() -> b
    void setShowFooterView(boolean) -> a
    int getActivityCount() -> c
    android.support.v7.widget.ActivityChooserModel getDataModel() -> d
    void setShowDefaultActivity(boolean,boolean) -> a
    boolean getShowDefaultActivity() -> e