app/build/outputs/mapping/release/usage.txt
com.mycompany.myngdroidapp.BuildConfig
com.mycompany.myngdroidapp.R
com.mycompany.myngdroidapp.R$anim
com.mycompany.myngdroidapp.R$attr
com.mycompany.myngdroidapp.R$bool
com.mycompany.myngdroidapp.R$color
com.mycompany.myngdroidapp.R$dimen
com.mycompany.myngdroidapp.R$drawable
com.mycompany.myngdroidapp.R$id
com.mycompany.myngdroidapp.R$integer
com.mycompany.myngdroidapp.R$layout
com.mycompany.myngdroidapp.R$mipmap
com.mycompany.myngdroidapp.R$string
com.mycompany.myngdroidapp.R$style
com.mycompany.myngdroidapp.R$styleable
...
android.support.v4.app.JobIntentService$CompatWorkEnqueuer
android.support.v4.app.JobIntentService$CompatWorkItem
android.support.v4.app.JobIntentService$GenericWorkItem
android.support.v4.app.JobIntentService$JobServiceEngineImpl
android.support.v4.app.JobIntentService$JobServiceEngineImpl$WrapperWorkItem
android.support.v4.app.JobIntentService$JobWorkEnqueuer
android.support.v4.app.JobIntentService$WorkEnqueuer
android.support.v4.app.ListFragment
android.support.v4.app.ListFragment$1
android.support.v4.app.ListFragment$2
android.support.v4.app.LoaderManager:
    37:41:public LoaderManager()
    public abstract android.support.v4.content.Loader initLoader(int,android.os.Bundle,android.support.v4.app.LoaderManager$LoaderCallbacks)
    public abstract android.support.v4.content.Loader restartLoader(int,android.os.Bundle,android.support.v4.app.LoaderManager$LoaderCallbacks)
    public abstract void destroyLoader(int)
    public abstract android.support.v4.content.Loader getLoader(int)
    public abstract void dump(java.lang.String,java.io.FileDescriptor,java.io.PrintWriter,java.lang.String[])
    197:198:public static void enableDebugLogging(boolean)
    204:204:public boolean hasRunningLoaders()
android.support.v4.app.LoaderManager$LoaderCallbacks
android.support.v4.app.LoaderManagerImpl:
    static final java.lang.String TAG
    private final android.support.v4.app.LoaderManagerImpl$LoaderViewModel mLoaderViewModel
    private boolean mCreatingLoader
    358:361:LoaderManagerImpl(android.arch.lifecycle.LifecycleOwner,android.arch.lifecycle.ViewModelStore)
    369:383:private android.support.v4.content.Loader createAndInstallLoader(int,android.os.Bundle,android.support.v4.app.LoaderManager$LoaderCallbacks,android.support.v4.content.Loader)
    391:407:public android.support.v4.content.Loader initLoader(int,android.os.Bundle,android.support.v4.app.LoaderManager$LoaderCallbacks)
    416:430:public android.support.v4.content.Loader restartLoader(int,android.os.Bundle,android.support.v4.app.LoaderManager$LoaderCallbacks)
    436:449:public void destroyLoader(int)
    454:459:public android.support.v4.content.Loader getLoader(int)
    471:472:void markForRedelivery()
    487:488:public void dump(java.lang.String,java.io.FileDescriptor,java.io.PrintWriter,java.lang.String[])
    492:492:public boolean hasRunningLoaders()
android.support.v4.app.LoaderManagerImpl$LoaderInfo
android.support.v4.app.LoaderManagerImpl$LoaderObserver
android.support.v4.app.LoaderManagerImpl$LoaderViewModel:
    290:290:static android.support.v4.app.LoaderManagerImpl$LoaderViewModel getInstance(android.arch.lifecycle.ViewModelStore)
    296:297:void putLoader(int,android.support.v4.app.LoaderManagerImpl$LoaderInfo)
    301:301:android.support.v4.app.LoaderManagerImpl$LoaderInfo getLoader(int)
    305:306:void removeLoader(int)
    309:316:boolean hasRunningLoaders()
    320:325:void markForRedelivery()
    329:336:protected void onCleared()
    339:349:public void dump(java.lang.String,java.io.FileDescriptor,java.io.PrintWriter,java.lang.String[])
android.support.v4.app.LoaderManagerImpl$LoaderViewModel$1:
    284:284:public android.arch.lifecycle.ViewModel create(java.lang.Class)
android.support.v4.app.NavUtils
android.support.v4.app.NotificationBuilderWithBuilderAccessor
android.support.v4.app.NotificationCompat
android.support.v4.app.NotificationCompat$Action
android.support.v4.app.NotificationCompat$Action$Builder
android.support.v4.app.NotificationCompat$Action$Extender
android.support.v4.app.NotificationCompat$Action$WearableExtender
android.support.v4.app.NotificationCompat$BadgeIconType
android.support.v4.app.NotificationCompat$BigPictureStyle
android.support.v4.app.NotificationCompat$BigTextStyle
android.support.v4.app.NotificationCompat$Builder
android.support.v4.app.NotificationCompat$CarExtender
android.support.v4.app.NotificationCompat$CarExtender$UnreadConversation